02:28:44.367[36m [Client INFO] Starting WhatsApp client...[0m

Scan this QR code with your WhatsApp app:
█████████████████████████████████████████████████████████████████
█████████████████████████████████████████████████████████████████
████ ▄▄▄▄▄ ██▀▀▀ ██▄▄ ▄▄  ▀▄ █ ▀██  █ ▄▀ █ ▄▄▄▄███▄ ██ ▄▄▄▄▄ ████
████ █   █ █▄█ ██▄██▄▀▄ ▄▄█▄▄█▄▄▄▄▀▄██▀█▄█  █▄▀▄█▀▄ ██ █   █ ████
████ █▄▄▄█ ██▄█▄▀▄▄█▄ █ ▀▀██▄▀ ▄▄▄  █   ▀▄▄▄▀  ▄▄ ▀▄██ █▄▄▄█ ████
████▄▄▄▄▄▄▄█ ▀ ▀ █ ▀▄▀ █ █▄▀▄▀ █▄█ █▄█ █ ▀▄▀▄█ ▀ ▀ █ █▄▄▄▄▄▄▄████
████▄▄▄█  ▄ ▄  ██ ▄█▄▀ ▄▄  █▄▄▄▄▄▄▄█▄ ▄█ ▄█▄▄ ▄  ▄█▄█▄▄▀▀▀▄▀█████
████▄█▀▄█▀▄▀   █▄ ▀▄██▄█  ▀▄▄██▄▄█▀▀ █▄▀ ▄█ █▄█ ▄██▄▀▄▀  ██▄▄████
████ █▄▀█▄▄███ ▀▀ ██▄█▄▄█ █▀██▄  █▀▄ ▀▄▄▄▄▄  ██  ▀█ █▄█  █▄▀ ████
██████▄ ▀▄▄██▀▄▀ ▀█▄▄█▄▄▄▀ █▄▄▄ █▀    ▀▄ ▄▄▄ ▄▄▄█▄█▀ ▀██▀ █▄ ████
█████▄██ ▀▄█▀▀▀▄▄▀  █ ▄ █ ▄██▀▄ ▀██ ▄ ▄  █▄▀▄▀█▄▄█▄██▄▄ ▄▀▀▄▀████
████▀▄▄▄▄▀▄ █▀█▀▄█▄  ██▀▄▄ ████ ▀▄▄▄  ▀ █▀ ▀ ██ ▄█▀  ▀█▀▀█▄  ████
█████▀▄▀ █▄ ▄▄█ ██▄█ █  ▄█ █ █ ▄▄██ ▄▄█▄▄▀██ ██▄ █▄ ███▄ █▄█ ████
████  ██▀▄▄▀▄ ▄█ █▄█▀█▀ ▄███▀█▀█▀▀█ ▄█▀▀▀ █▀ ▀█▀ █▄▄█▀▄ ▄█▄█▄████
████    ▄ ▄▀   ▄▀█▀ █ ▄▀█  ▄▄█▄▄ ▄█ ▀█▀▄▄█▄▄ ██▄▄█▄█▄█▄   █ █████
████ ▀▀▄ ▄▄▄ ▄▄▄  ██▄ ▀▄ █▄▀ ▀ ▄▄▄  ▀▀▄██▀██▀█▄▀▄▀██ ▄▄▄ █▄  ████
█████▀██ █▄█ ▀▄ ▀  ▄█ █ ██▄███ █▄█   █▄▄ ▀▄  ██▄ ▄▄  █▄█ ▄▀▀ ████
████ █  ▄ ▄  ▀█▀ ███ ▄███ ▄ █▄▄▄    █▄ ▀▄ ██   ▀▄▄ ▀  ▄ ▄▄██▄████
████▄▀▄ ▄█▄   ▄  ▄█▄█▄ ▄▄   █▀ █▄█▄   ▄▄ ▄▄ ▄▄█▄ ▄▄█ ▄ █▄▄▄█▄████
██████▄ ▄ ▄▄▀▄▀  ▀██ ▄▄ ▀▄▄█▄▀▀▄▄█▄▀▀▀▀▀▀▀██▀▀▀█▄▄▄█   ▀███▄ ████
████▄ ▄▄ ▄▄█▀▄▄█▄▀  ▄ ▄█  ▄ ▄ ▄ ▄▄ ▄ █▄▄▄ █ ▄██▄▄ ▄▀▄  ▄█▄▄▀▀████
████ ███▀█▄█ ▄▄▄▄▀  ▄▀▀█▀▄  ▄ █ ▄▄ ▄▄ █  ▄▀▀▀▄ █▀ ▀▄▀▄  ▄██ █████
█████▄▀▀▄▄▄  █▄ ▄▄▀██   █   █▀ ▄████▄ ▄  ▄█ ▄█▄█  ███▄█████▀▄████
████▀▄▀▀ ▀▄ █▄▀▀ ▀▄ ▀█▄▄█ ▀▄██ ▄▀▄▄▀▄▄▄████▀ █▄█▀ █▄ ▄▄  ██▄ ████
████▀▀▀  ▄▄▄ ▀ ▄▄█▄███▄█▄ ███ ▄██ █  ██ ▄██  ▄▄█▄██▀▀ ███ ▄▄▀████
████ ▀ ▀▀▄▄▄▀ ▀ █▀▄█▄██ ▀▄ ▀ ▄▀▀  ▄ ▄█  █▄ █ ▀ █ ▄▄▀▀ ▄  █▄▄▄████
██████████▄█▀▄█ ▀█▀██▄ ██  ██▀ ▄▄▄ ▄▄█▄  ▀▄█ █▄█▄ █▀ ▄▄▄  ▀▀ ████
████ ▄▄▄▄▄ █  ▄███ ███ ▀▀ ▀ ▄▀ █▄█ █ ██▀  ██▀███ ▄█▀ █▄█ ▄▄▄▄████
████ █   █ █▄▄█▀▄▄▀█ ▄▄ ▄ ▄█ █  ▄▄ ▄ █▄ ▄▄█▀▄█▄▀▄ █ ▄▄▄▄▄█▄▀█████
████ █▄▄▄█ █  ▄▀ ▀██▀██ ▄▀██▀ █ ▄█▀ ▄▄▀█ █ ▄ ▀▄▀█ ▀  ▄▄ ▄▄█▀▄████
████▄▄▄▄▄▄▄█▄▄▄█▄▄███▄▄██▄▄▄▄▄▄█▄█▄▄███▄▄██▄▄▄█▄▄▄▄██████▄▄▄▄████
█████████████████████████████████████████████████████████████████
▀▀▀▀▀▀▀▀▀▀▀▀▀▀▀▀▀▀▀▀▀▀▀▀▀▀▀▀▀▀▀▀▀▀▀▀▀▀▀▀▀▀▀▀▀▀▀▀▀▀▀▀▀▀▀▀▀▀▀▀▀▀▀▀▀
