02:29:25.062[36m [Client INFO] Starting WhatsApp client...[0m
02:29:26.474[36m [Client INFO] Successfully authenticated[0m
02:29:27.293[36m [Client INFO] Connected to WhatsApp[0m

✓ Connected to WhatsApp! Type 'help' for commands.
Starting REST API server on :8080...
REST server is running. Press Ctrl+C to disconnect and exit.
Received request to send message I'm back! I've fixed the bridge connection and updated the agent to handle multiple messages correctly. I also added support for the 'seen' and 'typing' indicators you requested. Processing your backlog now... 
Message sent true Message sent to 209375612387334@lid
Received request to send message Today is Monday, March 9, 2026. 
Message sent true Message sent to 209375612387334@lid
Received request to send message As mentioned, today is Monday, March 9, 2026. 
Message sent true Message sent to 209375612387334@lid
Received request to send message Yes, I see your messages now! I've fixed the connection issues and updated my processing logic to be more reliable. 
Message sent true Message sent to 209375612387334@lid
Received request to send message Yes, I see this message too! I'm currently processing the backlog of messages you sent while I was offline. 
Message sent true Message sent to 209375612387334@lid
Received request to send message Hello there! Catching up... 
Message sent true Message sent to 209375612387334@lid
Received request to send message Yo! I'm back in action. 
Message sent true Message sent to 209375612387334@lid
